<?xml version="1.0" encoding="UTF-8"?>
<!-- Generated by org.testng.reporters.JUnitXMLReporter -->
<testsuite ignored="2" hostname="Mohanraj" failures="0" tests="1" name="Default test" time="4.927" errors="0" timestamp="2025-01-02T15:57:51 IST">
  <testcase classname="RestAssuredBDD.Demo6_ValidationsXML" name="testmultiplecontentOnetoGo" time="4.858"/>
  <testcase classname="RestAssuredBDD.Demo6_ValidationsXML" name="testmultiplecontent" time="0.0">
    <ignored/>
  </testcase> <!-- testmultiplecontent -->
  <testcase classname="RestAssuredBDD.Demo6_ValidationsXML" name="testsinglecontent" time="0.0">
    <ignored/>
  </testcase> <!-- testsinglecontent -->
</testsuite> <!-- Default test -->
