<?xml version="1.0" encoding="UTF-8"?>
<testng-results ignored="2" total="3" passed="1" failed="0" skipped="0">
  <reporter-output>
  </reporter-output>
  <suite started-at="2025-01-02T15:57:46 IST" name="Default suite" finished-at="2025-01-02T15:57:51 IST" duration-ms="4927">
    <groups>
    </groups>
    <test started-at="2025-01-02T15:57:46 IST" name="Default test" finished-at="2025-01-02T15:57:51 IST" duration-ms="4927">
      <class name="RestAssuredBDD.Demo6_ValidationsXML">
        <test-method signature="testmultiplecontentOnetoGo()[pri:2, instance:RestAssuredBDD.Demo6_ValidationsXML@3fb1549b]" started-at="2025-01-02T15:57:46 IST" name="testmultiplecontentOnetoGo" finished-at="2025-01-02T15:57:51 IST" duration-ms="4858" status="PASS">
          <reporter-output>
          </reporter-output>
        </test-method> <!-- testmultiplecontentOnetoGo -->
      </class> <!-- RestAssuredBDD.Demo6_ValidationsXML -->
    </test> <!-- Default test -->
  </suite> <!-- Default suite -->
</testng-results>
